[debug] [2025-03-08T16:08:48.703Z] ----------------------------------------------------------------------
[debug] [2025-03-08T16:08:48.716Z] Command:       C:\Program Files\nodejs\node.exe C:\Users\WINDOWS 11\AppData\Roaming\npm\node_modules\firebase-tools\lib\bin\firebase.js use --add
[debug] [2025-03-08T16:08:48.716Z] CLI Version:   13.33.0
[debug] [2025-03-08T16:08:48.717Z] Platform:      win32
[debug] [2025-03-08T16:08:48.717Z] Node Version:  v20.17.0
[debug] [2025-03-08T16:08:48.717Z] Time:          Sat Mar 08 2025 23:08:48 GMT+0700 (Indochina Time)
[debug] [2025-03-08T16:08:48.717Z] ----------------------------------------------------------------------
[debug] 
[debug] [2025-03-08T16:08:49.197Z] > command requires scopes: ["email","openid","https://www.googleapis.com/auth/cloudplatformprojects.readonly","https://www.googleapis.com/auth/firebase","https://www.googleapis.com/auth/cloud-platform"]
[debug] [2025-03-08T16:08:49.198Z] > authorizing via signed-in user (alfinaz916@gmail.com)
[debug] [2025-03-08T16:08:49.204Z] Checked if tokens are valid: false, expires at: 1741450508085
[debug] [2025-03-08T16:08:49.205Z] Checked if tokens are valid: false, expires at: 1741450508085
[debug] [2025-03-08T16:08:49.206Z] > refreshing access token with scopes: []
[debug] [2025-03-08T16:08:49.213Z] >>> [apiv2][query] POST https://www.googleapis.com/oauth2/v3/token [none]
[debug] [2025-03-08T16:08:49.214Z] >>> [apiv2][body] POST https://www.googleapis.com/oauth2/v3/token [omitted]
[debug] [2025-03-08T16:08:49.597Z] <<< [apiv2][status] POST https://www.googleapis.com/oauth2/v3/token 200
[debug] [2025-03-08T16:08:49.598Z] <<< [apiv2][body] POST https://www.googleapis.com/oauth2/v3/token [omitted]
[debug] [2025-03-08T16:08:49.635Z] >>> [apiv2][query] GET https://firebase.googleapis.com/v1beta1/projects pageSize=1000
[debug] [2025-03-08T16:08:50.331Z] <<< [apiv2][status] GET https://firebase.googleapis.com/v1beta1/projects 200
[debug] [2025-03-08T16:08:50.332Z] <<< [apiv2][body] GET https://firebase.googleapis.com/v1beta1/projects [omitted]
